<?xml version="1.0" encoding="UTF-8"?>
<!-- Generated by org.testng.reporters.JUnitXMLReporter -->
<testsuite ignored="0" hostname="DESKTOP-JCR5C1B" failures="0" tests="4" name="Default test" time="7.934" errors="0" timestamp="28 Nov 2018 15:35:08 GMT">
  <testcase classname="Demo.NewTest" name="Test1" time="2.145"/>
  <testcase classname="Demo.NewTest" name="Test2" time="0.528"/>
  <testcase classname="Demo.NewTest" name="Test3" time="1.098"/>
  <testcase classname="Demo.NewTest" name="Test4" time="0.268"/>
</testsuite> <!-- Default test -->
