<?xml version="1.0" encoding="UTF-8"?>
<testng-results ignored="0" total="4" passed="4" failed="0" skipped="0">
  <reporter-output>
  </reporter-output>
  <suite started-at="2018-11-28T15:35:00Z" name="Default suite" finished-at="2018-11-28T15:35:08Z" duration-ms="7934">
    <groups>
    </groups>
    <test started-at="2018-11-28T15:35:00Z" name="Default test" finished-at="2018-11-28T15:35:08Z" duration-ms="7934">
      <class name="Demo.NewTest">
        <test-method is-config="true" signature="beforeTest()[pri:0, instance:Demo.NewTest@65e98b1c]" started-at="2018-11-28T15:35:00Z" name="beforeTest" finished-at="2018-11-28T15:35:03Z" duration-ms="3052" status="PASS">
          <reporter-output>
          </reporter-output>
        </test-method> <!-- beforeTest -->
        <test-method signature="Test1()[pri:1, instance:Demo.NewTest@65e98b1c]" started-at="2018-11-28T15:35:03Z" name="Test1" finished-at="2018-11-28T15:35:05Z" duration-ms="2145" status="PASS">
          <reporter-output>
          </reporter-output>
        </test-method> <!-- Test1 -->
        <test-method signature="Test2()[pri:2, instance:Demo.NewTest@65e98b1c]" started-at="2018-11-28T15:35:05Z" name="Test2" finished-at="2018-11-28T15:35:06Z" duration-ms="528" status="PASS">
          <reporter-output>
          </reporter-output>
        </test-method> <!-- Test2 -->
        <test-method signature="Test3()[pri:3, instance:Demo.NewTest@65e98b1c]" started-at="2018-11-28T15:35:06Z" name="Test3" finished-at="2018-11-28T15:35:07Z" duration-ms="1098" status="PASS">
          <reporter-output>
          </reporter-output>
        </test-method> <!-- Test3 -->
        <test-method signature="Test4()[pri:4, instance:Demo.NewTest@65e98b1c]" started-at="2018-11-28T15:35:07Z" name="Test4" finished-at="2018-11-28T15:35:07Z" duration-ms="268" status="PASS">
          <reporter-output>
          </reporter-output>
        </test-method> <!-- Test4 -->
        <test-method is-config="true" signature="afterTest()[pri:0, instance:Demo.NewTest@65e98b1c]" started-at="2018-11-28T15:35:07Z" name="afterTest" finished-at="2018-11-28T15:35:08Z" duration-ms="793" status="PASS">
          <reporter-output>
          </reporter-output>
        </test-method> <!-- afterTest -->
      </class> <!-- Demo.NewTest -->
    </test> <!-- Default test -->
  </suite> <!-- Default suite -->
</testng-results>
