<?xml version="1.0" encoding="UTF-8"?>
<testng-results skipped="0" failed="0" ignored="0" total="4" passed="4">
  <reporter-output>
  </reporter-output>
  <suite name="Default suite" duration-ms="9190" started-at="2018-11-26T10:20:38Z" finished-at="2018-11-26T10:20:48Z">
    <groups>
    </groups>
    <test name="Default test" duration-ms="9190" started-at="2018-11-26T10:20:38Z" finished-at="2018-11-26T10:20:48Z">
      <class name="com.hieu.work1.NewTest">
        <test-method status="PASS" signature="beforeTest()[pri:0, instance:com.hieu.work1.NewTest@d2cc05a]" name="beforeTest" is-config="true" duration-ms="3506" started-at="2018-11-26T10:20:38Z" finished-at="2018-11-26T10:20:42Z">
          <reporter-output>
          </reporter-output>
        </test-method> <!-- beforeTest -->
        <test-method status="PASS" signature="Test1()[pri:1, instance:com.hieu.work1.NewTest@d2cc05a]" name="Test1" duration-ms="2436" started-at="2018-11-26T10:20:42Z" finished-at="2018-11-26T10:20:44Z">
          <reporter-output>
          </reporter-output>
        </test-method> <!-- Test1 -->
        <test-method status="PASS" signature="Test2()[pri:2, instance:com.hieu.work1.NewTest@d2cc05a]" name="Test2" duration-ms="864" started-at="2018-11-26T10:20:44Z" finished-at="2018-11-26T10:20:45Z">
          <reporter-output>
          </reporter-output>
        </test-method> <!-- Test2 -->
        <test-method status="PASS" signature="Test3()[pri:3, instance:com.hieu.work1.NewTest@d2cc05a]" name="Test3" duration-ms="1112" started-at="2018-11-26T10:20:45Z" finished-at="2018-11-26T10:20:46Z">
          <reporter-output>
          </reporter-output>
        </test-method> <!-- Test3 -->
        <test-method status="PASS" signature="Test4()[pri:4, instance:com.hieu.work1.NewTest@d2cc05a]" name="Test4" duration-ms="365" started-at="2018-11-26T10:20:46Z" finished-at="2018-11-26T10:20:47Z">
          <reporter-output>
          </reporter-output>
        </test-method> <!-- Test4 -->
        <test-method status="PASS" signature="afterTest()[pri:0, instance:com.hieu.work1.NewTest@d2cc05a]" name="afterTest" is-config="true" duration-ms="867" started-at="2018-11-26T10:20:47Z" finished-at="2018-11-26T10:20:48Z">
          <reporter-output>
          </reporter-output>
        </test-method> <!-- afterTest -->
      </class> <!-- com.hieu.work1.NewTest -->
    </test> <!-- Default test -->
  </suite> <!-- Default suite -->
</testng-results>
